<?xml version="1.0" encoding="UTF-8"?>
<!-- Generated by org.testng.reporters.JUnitReportReporter -->
<testsuite skipped="0" hostname="BTG714876" name="test.testTest" tests="1" failures="0" timestamp="15 Aug 2019 05:02:32 GMT" time="0.013" errors="0">
  <testcase name="f" time="0.013" classname="test.testTest"/>
</testsuite> <!-- test.testTest -->
