<?xml version="1.0" encoding="UTF-8"?>
<!-- Generated by org.testng.reporters.JUnitReportReporter -->
<testsuite skipped="0" hostname="BTG714876" name="test.test" tests="1" failures="0" timestamp="15 Aug 2019 04:57:56 GMT" time="0.012" errors="0">
  <testcase name="f" time="0.012" classname="test.test"/>
</testsuite> <!-- test.test -->
