<?xml version="1.0" encoding="UTF-8"?>
<!-- Generated by org.testng.reporters.JUnitReportReporter -->
<testsuite skipped="0" hostname="BTG714876" name="tests.SampleScenario" tests="1" failures="0" timestamp="16 Aug 2019 07:34:52 GMT" time="27.436" errors="0">
  <testcase name="login" time="27.436" classname="tests.SampleScenario"/>
</testsuite> <!-- tests.SampleScenario -->
