<?xml version="1.0" encoding="UTF-8"?>
<!-- Generated by org.testng.reporters.JUnitReportReporter -->
<testsuite skipped="0" hostname="BTG714876" name="tests.SampleScenario" tests="1" failures="0" timestamp="15 Aug 2019 07:13:40 GMT" time="76.160" errors="0">
  <testcase name="login" time="76.160" classname="tests.SampleScenario"/>
</testsuite> <!-- tests.SampleScenario -->
