<?xml version="1.0" encoding="UTF-8"?>
<!-- Generated by org.testng.reporters.JUnitReportReporter -->
<testsuite skipped="0" hostname="BTG714876" name="tests.SampleScenario" tests="1" failures="0" timestamp="15 Aug 2019 06:05:05 GMT" time="0.006" errors="0">
  <testcase name="login" time="0.006" classname="tests.SampleScenario"/>
</testsuite> <!-- tests.SampleScenario -->
